2025-07-17 18:41:59.261 [main] INFO  i.d.core.server.DefaultServerFactory - Registering jersey handler with root path prefix: /
2025-07-17 18:41:59.266 [main] INFO  i.d.core.server.DefaultServerFactory - Registering admin handler with root path prefix: /
2025-07-17 18:41:59.550 [main] INFO  io.dropwizard.assets.AssetsBundle - Registering AssetBundle with name: assets for path /maps/*
2025-07-17 18:41:59.552 [main] INFO  io.dropwizard.assets.AssetsBundle - Registering AssetBundle with name: webjars for path /webjars/*
2025-07-17 18:41:59.558 [main] INFO  i.d.core.server.ServerFactory - Starting GraphHopperApplication
                        _     _
   __ _ _ __ __ _ _ __ | |__ | |__   ___  _ __  _ __   ___ _ __
  / _` | '__/ _` | '_ \| '_ \| '_ \ / _ \| '_ \| '_ \ / _ \ '__|
 | (_| | | | (_| | |_) | | | | | | | (_) | |_) | |_) |  __/ |
  \__, |_|  \__,_| .__/|_| |_|_| |_|\___/| .__/| .__/ \___|_|
  |___/          |_|                     |_|   |_|
2025-07-17 18:41:59.671 [main] INFO  o.e.jetty.setuid.SetUIDListener - Opened application@4096aa05{HTTP/1.1, (http/1.1)}{localhost:8989}
2025-07-17 18:41:59.673 [main] INFO  o.e.jetty.setuid.SetUIDListener - Opened admin@9d3c67{HTTP/1.1, (http/1.1)}{0.0.0.0:8990}
2025-07-17 18:41:59.675 [main] INFO  org.eclipse.jetty.server.Server - jetty-10.0.23; built: 2024-08-14T01:14:42.815Z; git: 570aa4a1395ca8f9f800045f3a1fe5fe3af9a598; jvm 23+37-2369
2025-07-17 18:42:00.334 [main] INFO  c.g.routing.ch.CHPreparationHandler - There are no CHs to prepare
2025-07-17 18:42:00.337 [main] INFO  com.graphhopper.GraphHopper - version 10.0|2024-11-04T16:04:43Z (9,23,7,5,2,9)
2025-07-17 18:42:00.355 [main] INFO  com.graphhopper.GraphHopper - graph car|RAM_STORE|2D|turn_cost|nodes:9,edges:23,geometry:7,location_index:5,string_index:2,nodesCH:0,shortcuts:9, details:edges: 805,244(31MB), nodes: 684,655(11MB), bounds: -148.6745055,-114.1397345,47.5877479,60.777027, name:(3MB), geo:35,239,548/-1,048(34MB)
2025-07-17 18:42:00.387 [main] INFO  c.g.http.GraphHopperManaged - loaded graph at:graph-cache, data_reader_file:../../../british-columbia-latest.osm.pbf, encoded values:["{\"className\":\"com.graphhopper.routing.ev.SimpleBooleanEncodedValue\",\"name\":\"car_access\",\"bits\":1,\"min_storable_value\":0,\"max_storable_value\":1,\"max_value\":1,\"negate_reverse_direction\":false,\"store_two_directions\":true,\"fwd_data_index\":0,\"bwd_data_index\":0,\"fwd_shift\":0,\"bwd_shift\":1,\"fwd_mask\":1,\"bwd_mask\":2}","{\"className\":\"com.graphhopper.routing.ev.DecimalEncodedValueImpl\",\"name\":\"car_average_speed\",\"bits\":7,\"min_storable_value\":0,\"max_storable_value\":127,\"max_value\":54,\"negate_reverse_direction\":false,\"store_two_directions\":true,\"fwd_data_index\":0,\"bwd_data_index\":0,\"fwd_shift\":2,\"bwd_shift\":9,\"fwd_mask\":508,\"bwd_mask\":65024,\"factor\":2.0,\"use_maximum_as_infinity\":false}","{\"className\":\"com.graphhopper.routing.ev.EnumEncodedValue\",\"name\":\"road_access\",\"bits\":4,\"min_storable_value\":0,\"max_storable_value\":15,\"max_value\":8,\"negate_reverse_direction\":false,\"store_two_directions\":false,\"fwd_data_index\":0,\"bwd_data_index\":0,\"fwd_shift\":16,\"bwd_shift\":-1,\"fwd_mask\":983040,\"bwd_mask\":0,\"enum_type\":\"com.graphhopper.routing.ev.RoadAccess\"}","{\"className\":\"com.graphhopper.routing.ev.DecimalEncodedValueImpl\",\"name\":\"max_height\",\"bits\":7,\"min_storable_value\":0,\"max_storable_value\":127,\"max_value\":127,\"negate_reverse_direction\":false,\"store_two_directions\":false,\"fwd_data_index\":0,\"bwd_data_index\":0,\"fwd_shift\":20,\"bwd_shift\":-1,\"fwd_mask\":133169152,\"bwd_mask\":0,\"factor\":0.1,\"use_maximum_as_infinity\":true}","{\"className\":\"com.graphhopper.routing.ev.DecimalEncodedValueImpl\",\"name\":\"max_weight\",\"bits\":9,\"min_storable_value\":0,\"max_storable_value\":511,\"max_value\":511,\"negate_reverse_direction\":false,\"store_two_directions\":false,\"fwd_data_index\":1,\"bwd_data_index\":0,\"fwd_shift\":0,\"bwd_shift\":-1,\"fwd_mask\":511,\"bwd_mask\":0,\"factor\":0.1,\"use_maximum_as_infinity\":true}","{\"className\":\"com.graphhopper.routing.ev.EnumEncodedValue\",\"name\":\"hgv\",\"bits\":3,\"min_storable_value\":0,\"max_storable_value\":7,\"max_value\":7,\"negate_reverse_direction\":false,\"store_two_directions\":false,\"fwd_data_index\":1,\"bwd_data_index\":0,\"fwd_shift\":9,\"bwd_shift\":-1,\"fwd_mask\":3584,\"bwd_mask\":0,\"enum_type\":\"com.graphhopper.routing.ev.Hgv\"}","{\"className\":\"com.graphhopper.routing.ev.DecimalEncodedValueImpl\",\"name\":\"max_width\",\"bits\":7,\"min_storable_value\":0,\"max_storable_value\":127,\"max_value\":127,\"negate_reverse_direction\":false,\"store_two_directions\":false,\"fwd_data_index\":1,\"bwd_data_index\":0,\"fwd_shift\":12,\"bwd_shift\":-1,\"fwd_mask\":520192,\"bwd_mask\":0,\"factor\":0.1,\"use_maximum_as_infinity\":true}","{\"className\":\"com.graphhopper.routing.ev.EnumEncodedValue\",\"name\":\"max_weight_except\",\"bits\":2,\"min_storable_value\":0,\"max_storable_value\":3,\"max_value\":-2147483648,\"negate_reverse_direction\":false,\"store_two_directions\":false,\"fwd_data_index\":1,\"bwd_data_index\":0,\"fwd_shift\":19,\"bwd_shift\":-1,\"fwd_mask\":1572864,\"bwd_mask\":0,\"enum_type\":\"com.graphhopper.routing.ev.MaxWeightExcept\"}","{\"className\":\"com.graphhopper.routing.ev.EnumEncodedValue\",\"name\":\"road_class\",\"bits\":5,\"min_storable_value\":0,\"max_storable_value\":31,\"max_value\":19,\"negate_reverse_direction\":false,\"store_two_directions\":false,\"fwd_data_index\":1,\"bwd_data_index\":0,\"fwd_shift\":21,\"bwd_shift\":-1,\"fwd_mask\":65011712,\"bwd_mask\":0,\"enum_type\":\"com.graphhopper.routing.ev.RoadClass\"}","{\"className\":\"com.graphhopper.routing.ev.EnumEncodedValue\",\"name\":\"road_environment\",\"bits\":3,\"min_storable_value\":0,\"max_storable_value\":7,\"max_value\":5,\"negate_reverse_direction\":false,\"store_two_directions\":false,\"fwd_data_index\":1,\"bwd_data_index\":0,\"fwd_shift\":26,\"bwd_shift\":-1,\"fwd_mask\":469762048,\"bwd_mask\":0,\"enum_type\":\"com.graphhopper.routing.ev.RoadEnvironment\"}","{\"className\":\"com.graphhopper.routing.ev.SimpleBooleanEncodedValue\",\"name\":\"roundabout\",\"bits\":1,\"min_storable_value\":0,\"max_storable_value\":1,\"max_value\":1,\"negate_reverse_direction\":false,\"store_two_directions\":false,\"fwd_data_index\":1,\"bwd_data_index\":0,\"fwd_shift\":29,\"bwd_shift\":-1,\"fwd_mask\":536870912,\"bwd_mask\":0}","{\"className\":\"com.graphhopper.routing.ev.SimpleBooleanEncodedValue\",\"name\":\"road_class_link\",\"bits\":1,\"min_storable_value\":0,\"max_storable_value\":1,\"max_value\":1,\"negate_reverse_direction\":false,\"store_two_directions\":false,\"fwd_data_index\":1,\"bwd_data_index\":0,\"fwd_shift\":30,\"bwd_shift\":-1,\"fwd_mask\":1073741824,\"bwd_mask\":0}","{\"className\":\"com.graphhopper.routing.ev.DecimalEncodedValueImpl\",\"name\":\"max_speed\",\"bits\":7,\"min_storable_value\":0,\"max_storable_value\":127,\"max_value\":127,\"negate_reverse_direction\":false,\"store_two_directions\":true,\"fwd_data_index\":2,\"bwd_data_index\":2,\"fwd_shift\":0,\"bwd_shift\":7,\"fwd_mask\":127,\"bwd_mask\":16256,\"factor\":2.0,\"use_maximum_as_infinity\":true}","{\"className\":\"com.graphhopper.routing.ev.DecimalEncodedValueImpl\",\"name\":\"ferry_speed\",\"bits\":5,\"min_storable_value\":0,\"max_storable_value\":31,\"max_value\":20,\"negate_reverse_direction\":false,\"store_two_directions\":false,\"fwd_data_index\":2,\"bwd_data_index\":0,\"fwd_shift\":14,\"bwd_shift\":-1,\"fwd_mask\":507904,\"bwd_mask\":0,\"factor\":2.0,\"use_maximum_as_infinity\":false}","{\"className\":\"com.graphhopper.routing.ev.SimpleBooleanEncodedValue\",\"name\":\"truck1_subnetwork\",\"bits\":1,\"min_storable_value\":0,\"max_storable_value\":1,\"max_value\":1,\"negate_reverse_direction\":false,\"store_two_directions\":false,\"fwd_data_index\":2,\"bwd_data_index\":0,\"fwd_shift\":19,\"bwd_shift\":-1,\"fwd_mask\":524288,\"bwd_mask\":0}"], 11 bytes for edge flags, edges: 805,244(31MB), nodes: 684,655(11MB), bounds: -148.6745055,-114.1397345,47.5877479,60.777027, name:(3MB), geo:35,239,548/-1,048(34MB)
2025-07-17 18:42:00.729 [main] WARN  o.g.jersey.internal.inject.Providers - A provider com.codahale.metrics.health.HealthCheckRegistry registered in SERVER runtime does not implement any provider interfaces applicable in the SERVER runtime. Due to constraint configuration problems the provider com.codahale.metrics.health.HealthCheckRegistry will be ignored. 
2025-07-17 18:42:00.850 [main] INFO  i.d.jersey.DropwizardResourceConfig - The following paths were found for the configured resources:

    GET     / (com.graphhopper.application.resources.RootResource)
    GET     /health (com.graphhopper.resources.HealthCheckResource)
    GET     /i18n (com.graphhopper.resources.I18NResource)
    GET     /i18n/{locale} (com.graphhopper.resources.I18NResource)
    GET     /info (com.graphhopper.resources.InfoResource)
    GET     /isochrone (com.graphhopper.resources.IsochroneResource)
    POST    /match (com.graphhopper.resources.MapMatchingResource)
    GET     /mvt/{z}/{x}/{y}.mvt (com.graphhopper.resources.MVTResource)
    GET     /navigate/directions/v5/gh/{profile}/{coordinatesArray : .+} (com.graphhopper.navigation.NavigateResource)
    GET     /nearest (com.graphhopper.resources.NearestResource)
    GET     /route (com.graphhopper.resources.RouteResource)
    POST    /route (com.graphhopper.resources.RouteResource)
    GET     /spt (com.graphhopper.resources.SPTResource)

2025-07-17 18:42:00.851 [main] INFO  o.e.j.server.handler.ContextHandler - Started i.d.j.MutableServletContextHandler@374c40ba{/,null,AVAILABLE}
2025-07-17 18:42:00.854 [main] INFO  i.d.core.setup.AdminEnvironment - tasks = 

    POST    /tasks/log-level (io.dropwizard.servlets.tasks.LogConfigurationTask)
    POST    /tasks/gc (io.dropwizard.servlets.tasks.GarbageCollectionTask)

2025-07-17 18:42:00.854 [main] INFO  o.e.j.server.handler.ContextHandler - Started i.d.j.MutableServletContextHandler@17c0274c{/,null,AVAILABLE}
2025-07-17 18:42:00.910 [main] INFO  o.e.jetty.server.AbstractConnector - Started application@4096aa05{HTTP/1.1, (http/1.1)}{localhost:8989}
2025-07-17 18:42:00.916 [main] INFO  o.e.jetty.server.AbstractConnector - Started admin@9d3c67{HTTP/1.1, (http/1.1)}{0.0.0.0:8990}
2025-07-17 18:42:00.918 [main] INFO  org.eclipse.jetty.server.Server - Started Server@3eabe84a{STARTING}[10.0.23,sto=30000] @3279ms
2025-07-17 19:18:41.320 [pool-3-thread-2 - POST /route?key=] INFO  c.g.http.MultiExceptionMapper - bad request: [com.graphhopper.util.exceptions.PointOutOfBoundsException: Point 1 is out of bounds: 17474.0,32.0, the bounds are: -148.6745055,-114.1397345,47.5877479,60.777027]
